2022/03/31 09:48:02 [emerg] 1#1: host not found in upstream "client:3000" in /etc/nginx/conf.d/default.conf:2
2022/03/31 09:48:03 [notice] 1#1: using the "epoll" event method
2022/03/31 09:48:03 [notice] 1#1: nginx/1.21.6
2022/03/31 09:48:03 [notice] 1#1: built by gcc 10.2.1 20210110 (Debian 10.2.1-6) 
2022/03/31 09:48:03 [notice] 1#1: OS: Linux 5.10.76-linuxkit
2022/03/31 09:48:03 [notice] 1#1: getrlimit(RLIMIT_NOFILE): 1048576:1048576
2022/03/31 09:48:03 [notice] 30#30: start worker processes
2022/03/31 09:48:03 [notice] 30#30: start worker process 31
2022/03/31 09:48:04 [notice] 1#1: using the "epoll" event method
2022/03/31 09:48:04 [notice] 1#1: nginx/1.21.6
2022/03/31 09:48:04 [notice] 1#1: built by gcc 10.2.1 20210110 (Debian 10.2.1-6) 
2022/03/31 09:48:04 [notice] 1#1: OS: Linux 5.10.76-linuxkit
2022/03/31 09:48:04 [notice] 1#1: getrlimit(RLIMIT_NOFILE): 1048576:1048576
2022/03/31 09:48:04 [notice] 31#31: start worker processes
2022/03/31 09:48:04 [notice] 31#31: start worker process 32
2022/03/31 09:48:05 [notice] 1#1: using the "epoll" event method
2022/03/31 09:48:05 [notice] 1#1: nginx/1.21.6
2022/03/31 09:48:05 [notice] 1#1: built by gcc 10.2.1 20210110 (Debian 10.2.1-6) 
2022/03/31 09:48:05 [notice] 1#1: OS: Linux 5.10.76-linuxkit
2022/03/31 09:48:05 [notice] 1#1: getrlimit(RLIMIT_NOFILE): 1048576:1048576
2022/03/31 09:48:05 [notice] 31#31: start worker processes
2022/03/31 09:48:05 [notice] 31#31: start worker process 32
2022/03/31 09:48:06 [notice] 1#1: using the "epoll" event method
2022/03/31 09:48:06 [notice] 1#1: nginx/1.21.6
2022/03/31 09:48:06 [notice] 1#1: built by gcc 10.2.1 20210110 (Debian 10.2.1-6) 
2022/03/31 09:48:06 [notice] 1#1: OS: Linux 5.10.76-linuxkit
2022/03/31 09:48:06 [notice] 1#1: getrlimit(RLIMIT_NOFILE): 1048576:1048576
2022/03/31 09:48:06 [notice] 30#30: start worker processes
2022/03/31 09:48:08 [notice] 1#1: using the "epoll" event method
2022/03/31 09:48:08 [notice] 1#1: nginx/1.21.6
2022/03/31 09:48:08 [notice] 1#1: built by gcc 10.2.1 20210110 (Debian 10.2.1-6) 
2022/03/31 09:48:08 [notice] 1#1: OS: Linux 5.10.76-linuxkit
2022/03/31 09:48:08 [notice] 1#1: getrlimit(RLIMIT_NOFILE): 1048576:1048576
2022/03/31 09:48:08 [notice] 31#31: start worker processes
2022/03/31 09:48:08 [notice] 31#31: start worker process 32
2022/03/31 09:48:08 [notice] 31#31: start worker process 33
2022/03/31 09:48:12 [notice] 1#1: using the "epoll" event method
2022/03/31 09:48:12 [notice] 1#1: nginx/1.21.6
2022/03/31 09:48:12 [notice] 1#1: built by gcc 10.2.1 20210110 (Debian 10.2.1-6) 
2022/03/31 09:48:12 [notice] 1#1: OS: Linux 5.10.76-linuxkit
2022/03/31 09:48:12 [notice] 1#1: getrlimit(RLIMIT_NOFILE): 1048576:1048576
2022/03/31 09:48:12 [notice] 31#31: start worker processes
2022/03/31 09:48:19 [notice] 1#1: using the "epoll" event method
2022/03/31 09:48:19 [notice] 1#1: nginx/1.21.6
2022/03/31 09:48:19 [notice] 1#1: built by gcc 10.2.1 20210110 (Debian 10.2.1-6) 
2022/03/31 09:48:19 [notice] 1#1: OS: Linux 5.10.76-linuxkit
2022/03/31 09:48:19 [notice] 1#1: getrlimit(RLIMIT_NOFILE): 1048576:1048576
2022/03/31 09:48:19 [notice] 30#30: start worker processes
2022/03/31 09:48:32 [notice] 1#1: using the "epoll" event method
2022/03/31 09:48:32 [notice] 1#1: nginx/1.21.6
2022/03/31 09:48:32 [notice] 1#1: built by gcc 10.2.1 20210110 (Debian 10.2.1-6) 
2022/03/31 09:48:32 [notice] 1#1: OS: Linux 5.10.76-linuxkit
2022/03/31 09:48:32 [notice] 1#1: getrlimit(RLIMIT_NOFILE): 1048576:1048576
2022/03/31 09:48:58 [notice] 1#1: using the "epoll" event method
2022/03/31 09:48:58 [notice] 1#1: nginx/1.21.6
2022/03/31 09:48:58 [notice] 1#1: built by gcc 10.2.1 20210110 (Debian 10.2.1-6) 
2022/03/31 09:48:58 [notice] 1#1: OS: Linux 5.10.76-linuxkit
2022/03/31 09:48:58 [notice] 1#1: getrlimit(RLIMIT_NOFILE): 1048576:1048576
2022/03/31 09:48:58 [notice] 31#31: start worker processes
2022/03/31 09:49:50 [notice] 1#1: using the "epoll" event method
2022/03/31 09:49:50 [notice] 1#1: nginx/1.21.6
2022/03/31 09:49:50 [notice] 1#1: built by gcc 10.2.1 20210110 (Debian 10.2.1-6) 
2022/03/31 09:49:50 [notice] 1#1: OS: Linux 5.10.76-linuxkit
2022/03/31 09:49:50 [notice] 1#1: getrlimit(RLIMIT_NOFILE): 1048576:1048576
2022/03/31 09:49:50 [notice] 31#31: start worker processes
2022/03/31 09:49:50 [notice] 31#31: start worker process 32
2022/03/31 09:50:31 [emerg] 1#1: host not found in upstream "client:3000" in /etc/nginx/conf.d/default.conf:2
2022/03/31 09:50:31 [emerg] 1#1: host not found in upstream "client:3000" in /etc/nginx/conf.d/default.conf:2
2022/03/31 09:50:32 [emerg] 1#1: host not found in upstream "client:3000" in /etc/nginx/conf.d/default.conf:2
2022/03/31 09:50:32 [emerg] 1#1: host not found in upstream "client:3000" in /etc/nginx/conf.d/default.conf:2
2022/03/31 09:50:34 [emerg] 1#1: host not found in upstream "client:3000" in /etc/nginx/conf.d/default.conf:2
2022/03/31 09:50:36 [notice] 1#1: using the "epoll" event method
2022/03/31 09:50:36 [notice] 1#1: nginx/1.21.6
2022/03/31 09:50:36 [notice] 1#1: built by gcc 10.2.1 20210110 (Debian 10.2.1-6) 
2022/03/31 09:50:36 [notice] 1#1: OS: Linux 5.10.76-linuxkit
2022/03/31 09:50:36 [notice] 1#1: getrlimit(RLIMIT_NOFILE): 1048576:1048576
2022/03/31 09:50:39 [notice] 1#1: using the "epoll" event method
2022/03/31 09:50:39 [notice] 1#1: nginx/1.21.6
2022/03/31 09:50:39 [notice] 1#1: built by gcc 10.2.1 20210110 (Debian 10.2.1-6) 
2022/03/31 09:50:39 [notice] 1#1: OS: Linux 5.10.76-linuxkit
2022/03/31 09:50:39 [notice] 1#1: getrlimit(RLIMIT_NOFILE): 1048576:1048576
2022/03/31 09:50:39 [notice] 30#30: start worker processes
2022/03/31 09:50:46 [notice] 1#1: using the "epoll" event method
2022/03/31 09:50:46 [notice] 1#1: nginx/1.21.6
2022/03/31 09:50:46 [notice] 1#1: built by gcc 10.2.1 20210110 (Debian 10.2.1-6) 
2022/03/31 09:50:46 [notice] 1#1: OS: Linux 5.10.76-linuxkit
2022/03/31 09:50:46 [notice] 1#1: getrlimit(RLIMIT_NOFILE): 1048576:1048576
2022/03/31 09:50:46 [notice] 31#31: start worker processes
2022/03/31 09:50:59 [notice] 1#1: using the "epoll" event method
2022/03/31 09:50:59 [notice] 1#1: nginx/1.21.6
2022/03/31 09:50:59 [notice] 1#1: built by gcc 10.2.1 20210110 (Debian 10.2.1-6) 
2022/03/31 09:50:59 [notice] 1#1: OS: Linux 5.10.76-linuxkit
2022/03/31 09:50:59 [notice] 1#1: getrlimit(RLIMIT_NOFILE): 1048576:1048576
2022/03/31 09:50:59 [notice] 30#30: start worker processes
2022/03/31 09:51:25 [notice] 1#1: using the "epoll" event method
2022/03/31 09:51:25 [notice] 1#1: nginx/1.21.6
2022/03/31 09:51:25 [notice] 1#1: built by gcc 10.2.1 20210110 (Debian 10.2.1-6) 
2022/03/31 09:51:25 [notice] 1#1: OS: Linux 5.10.76-linuxkit
2022/03/31 09:51:25 [notice] 1#1: getrlimit(RLIMIT_NOFILE): 1048576:1048576
2022/03/31 09:51:25 [notice] 31#31: start worker processes
2022/03/31 09:52:17 [notice] 1#1: using the "epoll" event method
2022/03/31 09:52:17 [notice] 1#1: nginx/1.21.6
2022/03/31 09:52:17 [notice] 1#1: built by gcc 10.2.1 20210110 (Debian 10.2.1-6) 
2022/03/31 09:52:17 [notice] 1#1: OS: Linux 5.10.76-linuxkit
2022/03/31 09:52:17 [notice] 1#1: getrlimit(RLIMIT_NOFILE): 1048576:1048576
2022/03/31 09:52:17 [notice] 30#30: start worker processes
2022/03/31 09:52:43 [notice] 1#1: using the "epoll" event method
2022/03/31 09:52:43 [notice] 1#1: nginx/1.21.6
2022/03/31 09:52:43 [notice] 1#1: built by gcc 10.2.1 20210110 (Debian 10.2.1-6) 
2022/03/31 09:52:43 [notice] 1#1: OS: Linux 5.10.76-linuxkit
2022/03/31 09:52:43 [notice] 1#1: getrlimit(RLIMIT_NOFILE): 1048576:1048576
2022/03/31 09:52:43 [notice] 1#1: start worker processes
2022/03/31 09:52:43 [notice] 1#1: start worker process 31
2022/03/31 09:52:43 [notice] 1#1: start worker process 32
2022/03/31 09:52:43 [notice] 1#1: start worker process 33
2022/03/31 09:52:43 [notice] 1#1: start worker process 34
2022/03/31 09:52:43 [notice] 1#1: start worker process 35
2022/03/31 09:55:51 [notice] 1#1: signal 3 (SIGQUIT) received, shutting down
2022/03/31 09:55:51 [notice] 31#31: gracefully shutting down
2022/03/31 09:55:51 [notice] 32#32: gracefully shutting down
2022/03/31 09:55:51 [notice] 32#32: exiting
2022/03/31 09:55:51 [notice] 33#33: gracefully shutting down
2022/03/31 09:55:51 [notice] 34#34: gracefully shutting down
2022/03/31 09:55:51 [notice] 35#35: gracefully shutting down
2022/03/31 09:55:51 [notice] 35#35: exiting
2022/03/31 09:55:51 [notice] 31#31: exiting
2022/03/31 09:55:51 [notice] 32#32: exit
2022/03/31 09:55:51 [notice] 33#33: exiting
2022/03/31 09:55:51 [notice] 34#34: exiting
2022/03/31 09:55:51 [notice] 35#35: exit
2022/03/31 09:55:51 [notice] 31#31: exit
2022/03/31 09:55:51 [notice] 33#33: exit
2022/03/31 09:55:51 [notice] 34#34: exit
2022/03/31 09:55:51 [notice] 1#1: signal 17 (SIGCHLD) received from 31
2022/03/31 09:55:51 [notice] 1#1: worker process 31 exited with code 0
2022/03/31 09:55:51 [notice] 1#1: worker process 33 exited with code 0
2022/03/31 09:55:51 [notice] 1#1: signal 29 (SIGIO) received
2022/03/31 09:55:51 [notice] 1#1: signal 17 (SIGCHLD) received from 33
2022/03/31 09:55:51 [notice] 1#1: signal 17 (SIGCHLD) received from 34
2022/03/31 09:55:51 [notice] 1#1: worker process 34 exited with code 0
2022/03/31 09:55:51 [notice] 1#1: signal 29 (SIGIO) received
2022/03/31 09:55:51 [notice] 1#1: signal 17 (SIGCHLD) received from 32
2022/03/31 09:55:51 [notice] 1#1: worker process 32 exited with code 0
2022/03/31 09:55:51 [notice] 1#1: worker process 35 exited with code 0
2022/03/31 09:55:51 [notice] 1#1: exit
2022/03/31 09:56:03 [notice] 1#1: using the "epoll" event method
2022/03/31 09:56:03 [notice] 1#1: nginx/1.21.6
2022/03/31 09:56:03 [notice] 1#1: built by gcc 10.2.1 20210110 (Debian 10.2.1-6) 
2022/03/31 09:56:03 [notice] 1#1: OS: Linux 5.10.76-linuxkit
2022/03/31 09:56:03 [notice] 1#1: getrlimit(RLIMIT_NOFILE): 1048576:1048576
2022/03/31 09:56:03 [notice] 1#1: start worker processes
2022/03/31 09:56:03 [notice] 1#1: start worker process 30
2022/03/31 09:56:03 [notice] 1#1: start worker process 31
2022/03/31 09:56:03 [notice] 1#1: start worker process 32
2022/03/31 09:56:03 [notice] 1#1: start worker process 33
2022/03/31 09:56:03 [notice] 1#1: start worker process 34
2022/04/01 00:15:24 [notice] 1#1: signal 3 (SIGQUIT) received, shutting down
2022/04/01 00:15:24 [notice] 32#32: gracefully shutting down
2022/04/01 00:15:24 [notice] 33#33: gracefully shutting down
2022/04/01 00:15:24 [notice] 31#31: gracefully shutting down
2022/04/01 00:15:24 [notice] 34#34: gracefully shutting down
2022/04/01 00:15:24 [notice] 30#30: gracefully shutting down
2022/04/01 00:15:24 [notice] 32#32: exiting
2022/04/01 00:15:24 [notice] 33#33: exiting
2022/04/01 00:15:24 [notice] 31#31: exiting
2022/04/01 00:15:24 [notice] 33#33: exit
2022/04/01 00:15:24 [notice] 34#34: exiting
2022/04/01 00:15:24 [notice] 30#30: exiting
2022/04/01 00:15:24 [notice] 32#32: exit
2022/04/01 00:15:24 [notice] 31#31: exit
2022/04/01 00:15:24 [notice] 34#34: exit
2022/04/01 00:15:24 [notice] 30#30: exit
2022/04/01 00:15:25 [notice] 1#1: signal 17 (SIGCHLD) received from 33
2022/04/01 00:15:25 [notice] 1#1: worker process 33 exited with code 0
2022/04/01 00:15:25 [notice] 1#1: worker process 31 exited with code 0
2022/04/01 00:15:25 [notice] 1#1: worker process 34 exited with code 0
2022/04/01 00:15:25 [notice] 1#1: signal 29 (SIGIO) received
2022/04/01 00:15:25 [notice] 1#1: signal 17 (SIGCHLD) received from 31
2022/04/01 00:15:25 [notice] 1#1: signal 17 (SIGCHLD) received from 30
2022/04/01 00:15:25 [notice] 1#1: worker process 30 exited with code 0
2022/04/01 00:15:25 [notice] 1#1: worker process 32 exited with code 0
2022/04/01 00:15:25 [notice] 1#1: exit
2022/04/01 00:15:37 [notice] 1#1: using the "epoll" event method
2022/04/01 00:15:37 [notice] 1#1: nginx/1.21.6
2022/04/01 00:15:37 [notice] 1#1: built by gcc 10.2.1 20210110 (Debian 10.2.1-6) 
2022/04/01 00:15:37 [notice] 1#1: OS: Linux 5.10.76-linuxkit
2022/04/01 00:15:37 [notice] 1#1: getrlimit(RLIMIT_NOFILE): 1048576:1048576
2022/04/01 00:15:37 [notice] 1#1: start worker processes
2022/04/01 00:15:37 [notice] 1#1: start worker process 30
2022/04/01 00:15:37 [notice] 1#1: start worker process 31
2022/04/01 00:15:37 [notice] 1#1: start worker process 32
2022/04/01 00:15:37 [notice] 1#1: start worker process 33
2022/04/01 00:15:37 [notice] 1#1: start worker process 34
2022/04/01 00:48:43 [notice] 1#1: signal 3 (SIGQUIT) received, shutting down
2022/04/01 00:48:43 [notice] 30#30: gracefully shutting down
2022/04/01 00:48:43 [notice] 33#33: gracefully shutting down
2022/04/01 00:48:43 [notice] 34#34: gracefully shutting down
2022/04/01 00:48:43 [notice] 31#31: gracefully shutting down
2022/04/01 00:48:43 [notice] 32#32: gracefully shutting down
2022/04/01 00:48:43 [notice] 30#30: exiting
2022/04/01 00:48:43 [notice] 33#33: exiting
2022/04/01 00:48:43 [notice] 34#34: exiting
2022/04/01 00:48:43 [notice] 34#34: exit
2022/04/01 00:48:43 [notice] 31#31: exiting
2022/04/01 00:48:43 [notice] 32#32: exiting
2022/04/01 00:48:43 [notice] 32#32: exit
2022/04/01 00:48:43 [notice] 30#30: exit
2022/04/01 00:48:43 [notice] 33#33: exit
2022/04/01 00:48:43 [notice] 31#31: exit
2022/04/01 00:48:43 [notice] 1#1: signal 17 (SIGCHLD) received from 30
2022/04/01 00:48:43 [notice] 1#1: worker process 30 exited with code 0
2022/04/01 00:48:43 [notice] 1#1: signal 29 (SIGIO) received
2022/04/01 00:48:43 [notice] 1#1: signal 17 (SIGCHLD) received from 31
2022/04/01 00:48:43 [notice] 1#1: worker process 31 exited with code 0
2022/04/01 00:48:43 [notice] 1#1: signal 29 (SIGIO) received
2022/04/01 00:48:43 [notice] 1#1: signal 17 (SIGCHLD) received from 33
2022/04/01 00:48:43 [notice] 1#1: worker process 32 exited with code 0
2022/04/01 00:48:43 [notice] 1#1: worker process 33 exited with code 0
2022/04/01 00:48:43 [notice] 1#1: worker process 34 exited with code 0
2022/04/01 00:48:43 [notice] 1#1: exit
